This is pdfTeX, Version 3.141592653-2.6-1.40.22 (TeX Live 2021/W32TeX) (preloaded format=pdflatex 2021.5.17)  18 AUG 2021 14:51
entering extended mode
 restricted \write18 enabled.
 file:line:error style messages enabled.
 %&-line parsing enabled.
**c:/Users/Tatyana/Downloads/ML2/main.tex
(c:/Users/Tatyana/Downloads/ML2/main.tex
LaTeX2e <2020-10-01> patch level 4
L3 programming layer <2021-05-07> (c:/texlive/2021/texmf-dist/tex/latex/base/article.cls
Document Class: article 2020/04/10 v1.4m Standard LaTeX document class
(c:/texlive/2021/texmf-dist/tex/latex/base/size12.clo
File: size12.clo 2020/04/10 v1.4m Standard LaTeX file (size option)
)
\c@part=\count179
\c@section=\count180
\c@subsection=\count181
\c@subsubsection=\count182
\c@paragraph=\count183
\c@subparagraph=\count184
\c@figure=\count185
\c@table=\count186
\abovecaptionskip=\skip47
\belowcaptionskip=\skip48
\bibindent=\dimen138
) (c:/texlive/2021/texmf-dist/tex/latex/cmap/cmap.sty
Package: cmap 2021/02/06 v1.0j CMap support: searchable PDF
) (c:/texlive/2021/texmf-dist/tex/latex/base/fontenc.sty
Package: fontenc 2020/08/10 v2.0s Standard LaTeX package
 (c:/texlive/2021/texmf-dist/tex/latex/cyrillic/t2aenc.def
File: t2aenc.def 2005/09/27 v1.0i Cyrillic encoding definition file
Now handling font encoding T2A ...
... processing UTF-8 mapping file for font encoding T2A
 (c:/texlive/2021/texmf-dist/tex/latex/base/t2aenc.dfu
File: t2aenc.dfu 2019/11/14 v1.2k UTF-8 support for inputenc
   defining Unicode char U+00A4 (decimal 164)
   defining Unicode char U+00A7 (decimal 167)
   defining Unicode char U+00AB (decimal 171)
   defining Unicode char U+00BB (decimal 187)
   defining Unicode char U+0131 (decimal 305)
   defining Unicode char U+0237 (decimal 567)
   defining Unicode char U+0400 (decimal 1024)
   defining Unicode char U+0401 (decimal 1025)
   defining Unicode char U+0402 (decimal 1026)
   defining Unicode char U+0403 (decimal 1027)
   defining Unicode char U+0404 (decimal 1028)
   defining Unicode char U+0405 (decimal 1029)
   defining Unicode char U+0406 (decimal 1030)
   defining Unicode char U+0407 (decimal 1031)
   defining Unicode char U+0408 (decimal 1032)
   defining Unicode char U+0409 (decimal 1033)
   defining Unicode char U+040A (decimal 1034)
   defining Unicode char U+040B (decimal 1035)
   defining Unicode char U+040C (decimal 1036)
   defining Unicode char U+040D (decimal 1037)
   defining Unicode char U+040E (decimal 1038)
   defining Unicode char U+040F (decimal 1039)
   defining Unicode char U+0410 (decimal 1040)
   defining Unicode char U+0411 (decimal 1041)
   defining Unicode char U+0412 (decimal 1042)
   defining Unicode char U+0413 (decimal 1043)
   defining Unicode char U+0414 (decimal 1044)
   defining Unicode char U+0415 (decimal 1045)
   defining Unicode char U+0416 (decimal 1046)
   defining Unicode char U+0417 (decimal 1047)
   defining Unicode char U+0418 (decimal 1048)
   defining Unicode char U+0419 (decimal 1049)
   defining Unicode char U+041A (decimal 1050)
   defining Unicode char U+041B (decimal 1051)
   defining Unicode char U+041C (decimal 1052)
   defining Unicode char U+041D (decimal 1053)
   defining Unicode char U+041E (decimal 1054)
   defining Unicode char U+041F (decimal 1055)
   defining Unicode char U+0420 (decimal 1056)
   defining Unicode char U+0421 (decimal 1057)
   defining Unicode char U+0422 (decimal 1058)
   defining Unicode char U+0423 (decimal 1059)
   defining Unicode char U+0424 (decimal 1060)
   defining Unicode char U+0425 (decimal 1061)
   defining Unicode char U+0426 (decimal 1062)
   defining Unicode char U+0427 (decimal 1063)
   defining Unicode char U+0428 (decimal 1064)
   defining Unicode char U+0429 (decimal 1065)
   defining Unicode char U+042A (decimal 1066)
   defining Unicode char U+042B (decimal 1067)
   defining Unicode char U+042C (decimal 1068)
   defining Unicode char U+042D (decimal 1069)
   defining Unicode char U+042E (decimal 1070)
   defining Unicode char U+042F (decimal 1071)
   defining Unicode char U+0430 (decimal 1072)
   defining Unicode char U+0431 (decimal 1073)
   defining Unicode char U+0432 (decimal 1074)
   defining Unicode char U+0433 (decimal 1075)
   defining Unicode char U+0434 (decimal 1076)
   defining Unicode char U+0435 (decimal 1077)
   defining Unicode char U+0436 (decimal 1078)
   defining Unicode char U+0437 (decimal 1079)
   defining Unicode char U+0438 (decimal 1080)
   defining Unicode char U+0439 (decimal 1081)
   defining Unicode char U+043A (decimal 1082)
   defining Unicode char U+043B (decimal 1083)
   defining Unicode char U+043C (decimal 1084)
   defining Unicode char U+043D (decimal 1085)
   defining Unicode char U+043E (decimal 1086)
   defining Unicode char U+043F (decimal 1087)
   defining Unicode char U+0440 (decimal 1088)
   defining Unicode char U+0441 (decimal 1089)
   defining Unicode char U+0442 (decimal 1090)
   defining Unicode char U+0443 (decimal 1091)
   defining Unicode char U+0444 (decimal 1092)
   defining Unicode char U+0445 (decimal 1093)
   defining Unicode char U+0446 (decimal 1094)
   defining Unicode char U+0447 (decimal 1095)
   defining Unicode char U+0448 (decimal 1096)
   defining Unicode char U+0449 (decimal 1097)
   defining Unicode char U+044A (decimal 1098)
   defining Unicode char U+044B (decimal 1099)
   defining Unicode char U+044C (decimal 1100)
   defining Unicode char U+044D (decimal 1101)
   defining Unicode char U+044E (decimal 1102)
   defining Unicode char U+044F (decimal 1103)
   defining Unicode char U+0450 (decimal 1104)
   defining Unicode char U+0451 (decimal 1105)
   defining Unicode char U+0452 (decimal 1106)
   defining Unicode char U+0453 (decimal 1107)
   defining Unicode char U+0454 (decimal 1108)
   defining Unicode char U+0455 (decimal 1109)
   defining Unicode char U+0456 (decimal 1110)
   defining Unicode char U+0457 (decimal 1111)
   defining Unicode char U+0458 (decimal 1112)
   defining Unicode char U+0459 (decimal 1113)
   defining Unicode char U+045A (decimal 1114)
   defining Unicode char U+045B (decimal 1115)
   defining Unicode char U+045C (decimal 1116)
   defining Unicode char U+045D (decimal 1117)
   defining Unicode char U+045E (decimal 1118)
   defining Unicode char U+045F (decimal 1119)
   defining Unicode char U+0490 (decimal 1168)
   defining Unicode char U+0491 (decimal 1169)
   defining Unicode char U+0492 (decimal 1170)
   defining Unicode char U+0493 (decimal 1171)
   defining Unicode char U+0496 (decimal 1174)
   defining Unicode char U+0497 (decimal 1175)
   defining Unicode char U+0498 (decimal 1176)
   defining Unicode char U+0499 (decimal 1177)
   defining Unicode char U+049A (decimal 1178)
   defining Unicode char U+049B (decimal 1179)
   defining Unicode char U+049C (decimal 1180)
   defining Unicode char U+049D (decimal 1181)
   defining Unicode char U+04A0 (decimal 1184)
   defining Unicode char U+04A1 (decimal 1185)
   defining Unicode char U+04A2 (decimal 1186)
   defining Unicode char U+04A3 (decimal 1187)
   defining Unicode char U+04A4 (decimal 1188)
   defining Unicode char U+04A5 (decimal 1189)
   defining Unicode char U+04AA (decimal 1194)
   defining Unicode char U+04AB (decimal 1195)
   defining Unicode char U+04AE (decimal 1198)
   defining Unicode char U+04AF (decimal 1199)
   defining Unicode char U+04B0 (decimal 1200)
   defining Unicode char U+04B1 (decimal 1201)
   defining Unicode char U+04B2 (decimal 1202)
   defining Unicode char U+04B3 (decimal 1203)
   defining Unicode char U+04B6 (decimal 1206)
   defining Unicode char U+04B7 (decimal 1207)
   defining Unicode char U+04B8 (decimal 1208)
   defining Unicode char U+04B9 (decimal 1209)
   defining Unicode char U+04BA (decimal 1210)
   defining Unicode char U+04BB (decimal 1211)
   defining Unicode char U+04C0 (decimal 1216)
   defining Unicode char U+04C1 (decimal 1217)
   defining Unicode char U+04C2 (decimal 1218)
   defining Unicode char U+04D0 (decimal 1232)
   defining Unicode char U+04D1 (decimal 1233)
   defining Unicode char U+04D2 (decimal 1234)
   defining Unicode char U+04D3 (decimal 1235)
   defining Unicode char U+04D4 (decimal 1236)
   defining Unicode char U+04D5 (decimal 1237)
   defining Unicode char U+04D6 (decimal 1238)
   defining Unicode char U+04D7 (decimal 1239)
   defining Unicode char U+04D8 (decimal 1240)
   defining Unicode char U+04D9 (decimal 1241)
   defining Unicode char U+04DA (decimal 1242)
   defining Unicode char U+04DB (decimal 1243)
   defining Unicode char U+04DC (decimal 1244)
   defining Unicode char U+04DD (decimal 1245)
   defining Unicode char U+04DE (decimal 1246)
   defining Unicode char U+04DF (decimal 1247)
   defining Unicode char U+04E2 (decimal 1250)
   defining Unicode char U+04E3 (decimal 1251)
   defining Unicode char U+04E4 (decimal 1252)
   defining Unicode char U+04E5 (decimal 1253)
   defining Unicode char U+04E6 (decimal 1254)
   defining Unicode char U+04E7 (decimal 1255)
   defining Unicode char U+04E8 (decimal 1256)
   defining Unicode char U+04E9 (decimal 1257)
   defining Unicode char U+04EC (decimal 1260)
   defining Unicode char U+04ED (decimal 1261)
   defining Unicode char U+04EE (decimal 1262)
   defining Unicode char U+04EF (decimal 1263)
   defining Unicode char U+04F0 (decimal 1264)
   defining Unicode char U+04F1 (decimal 1265)
   defining Unicode char U+04F2 (decimal 1266)
   defining Unicode char U+04F3 (decimal 1267)
   defining Unicode char U+04F4 (decimal 1268)
   defining Unicode char U+04F5 (decimal 1269)
   defining Unicode char U+04F8 (decimal 1272)
   defining Unicode char U+04F9 (decimal 1273)
   defining Unicode char U+200C (decimal 8204)
   defining Unicode char U+2013 (decimal 8211)
   defining Unicode char U+2014 (decimal 8212)
   defining Unicode char U+2018 (decimal 8216)
   defining Unicode char U+2019 (decimal 8217)
   defining Unicode char U+201C (decimal 8220)
   defining Unicode char U+201D (decimal 8221)
   defining Unicode char U+201E (decimal 8222)
   defining Unicode char U+2030 (decimal 8240)
   defining Unicode char U+2031 (decimal 8241)
   defining Unicode char U+2116 (decimal 8470)
   defining Unicode char U+2329 (decimal 9001)
   defining Unicode char U+232A (decimal 9002)
   defining Unicode char U+2423 (decimal 9251)
   defining Unicode char U+27E8 (decimal 10216)
   defining Unicode char U+27E9 (decimal 10217)
   defining Unicode char U+FB00 (decimal 64256)
   defining Unicode char U+FB01 (decimal 64257)
   defining Unicode char U+FB02 (decimal 64258)
   defining Unicode char U+FB03 (decimal 64259)
   defining Unicode char U+FB04 (decimal 64260)
   defining Unicode char U+FB05 (decimal 64261)
   defining Unicode char U+FB06 (decimal 64262)
))
LaTeX Font Info:    Trying to load font information for T2A+cmr on input line 112.
 (c:/texlive/2021/texmf-dist/tex/latex/cyrillic/t2acmr.fd
File: t2acmr.fd 2001/08/11 v1.0a Computer Modern Cyrillic font definitions
)<<t2a.cmap>>) (c:/texlive/2021/texmf-dist/tex/latex/base/inputenc.sty
Package: inputenc 2020/08/01 v1.3d Input encoding file
\inpenc@prehook=\toks15
\inpenc@posthook=\toks16
) (c:/texlive/2021/texmf-dist/tex/generic/babel/babel.sty
Package: babel 2021/04/26 3.58 The Babel package
 (c:/texlive/2021/texmf-dist/tex/generic/babel/babel.def
File: babel.def 2021/04/26 3.58 Babel common definitions
\babel@savecnt=\count187
\U@D=\dimen139
\l@unhyphenated=\language87
 (c:/texlive/2021/texmf-dist/tex/generic/babel/txtbabel.def)
\bbl@readstream=\read2
)
\bbl@dirlevel=\count188
 (c:/texlive/2021/texmf-dist/tex/generic/babel-russian/russianb.ldf
File: russianb.ldf 2021/01/10 1.3m Russian support for the Babel system
Language: russian 2020/09/09 1.3k Russian support for the Babel system
Package babel Info: Making " an active character on input line 124.
Package babel Info: Default for \cyrdash is provided on input line 163.
) (c:/texlive/2021/texmf-dist/tex/generic/babel-english/english.ldf
Language: english 2017/06/06 v3.3r English support from the babel system
Package babel Info: Hyphen rules for 'canadian' set to \l@english
(babel)             (\language0). Reported on input line 102.
Package babel Info: Hyphen rules for 'australian' set to \l@ukenglish
(babel)             (\language21). Reported on input line 105.
Package babel Info: Hyphen rules for 'newzealand' set to \l@ukenglish
(babel)             (\language21). Reported on input line 108.
)) (c:/texlive/2021/texmf-dist/tex/latex/statmath/statmath.sty
Package: statmath 2018/03/08 v0.1 Statistical notation and mathematics
 (c:/texlive/2021/texmf-dist/tex/latex/amsmath/amsmath.sty
Package: amsmath 2020/09/23 v2.17i AMS math features
\@mathmargin=\skip49

For additional information on amsmath, use the `?' option.
(c:/texlive/2021/texmf-dist/tex/latex/amsmath/amstext.sty
Package: amstext 2000/06/29 v2.01 AMS text
 (c:/texlive/2021/texmf-dist/tex/latex/amsmath/amsgen.sty
File: amsgen.sty 1999/11/30 v2.0 generic functions
\@emptytoks=\toks17
\ex@=\dimen140
)) (c:/texlive/2021/texmf-dist/tex/latex/amsmath/amsbsy.sty
Package: amsbsy 1999/11/29 v1.2d Bold Symbols
\pmbraise@=\dimen141
) (c:/texlive/2021/texmf-dist/tex/latex/amsmath/amsopn.sty
Package: amsopn 2016/03/08 v2.02 operator names
)
\inf@bad=\count189
LaTeX Info: Redefining \frac on input line 234.
\uproot@=\count190
\leftroot@=\count191
LaTeX Info: Redefining \overline on input line 399.
\classnum@=\count192
\DOTSCASE@=\count193
LaTeX Info: Redefining \ldots on input line 496.
LaTeX Info: Redefining \dots on input line 499.
LaTeX Info: Redefining \cdots on input line 620.
\Mathstrutbox@=\box47
\strutbox@=\box48
\big@size=\dimen142
LaTeX Font Info:    Redeclaring font encoding OML on input line 743.
LaTeX Font Info:    Redeclaring font encoding OMS on input line 744.
\macc@depth=\count194
\c@MaxMatrixCols=\count195
\dotsspace@=\muskip16
\c@parentequation=\count196
\dspbrk@lvl=\count197
\tag@help=\toks18
\row@=\count198
\column@=\count199
\maxfields@=\count266
\andhelp@=\toks19
\eqnshift@=\dimen143
\alignsep@=\dimen144
\tagshift@=\dimen145
\tagwidth@=\dimen146
\totwidth@=\dimen147
\lineht@=\dimen148
\@envbody=\toks20
\multlinegap=\skip50
\multlinetaggap=\skip51
\mathdisplay@stack=\toks21
LaTeX Info: Redefining \[ on input line 2923.
LaTeX Info: Redefining \] on input line 2924.
) (c:/texlive/2021/texmf-dist/tex/latex/tools/bm.sty
Package: bm 2019/07/24 v1.2d Bold Symbol Support (DPC/FMi)
\symboldoperators=\mathgroup4
\symboldletters=\mathgroup5
\symboldsymbols=\mathgroup6
LaTeX Font Info:    Redeclaring math alphabet \mathbf on input line 141.
LaTeX Info: Redefining \bm on input line 209.
)) (c:/texlive/2021/texmf-dist/tex/latex/amsfonts/amssymb.sty
Package: amssymb 2013/01/14 v3.01 AMS font symbols
 (c:/texlive/2021/texmf-dist/tex/latex/amsfonts/amsfonts.sty
Package: amsfonts 2013/01/14 v3.01 Basic AMSFonts support
\symAMSa=\mathgroup7
\symAMSb=\mathgroup8
LaTeX Font Info:    Redeclaring math symbol \hbar on input line 98.
LaTeX Font Info:    Overwriting math alphabet `\mathfrak' in version `bold'
(Font)                  U/euf/m/n --> U/euf/b/n on input line 106.
)) (c:/texlive/2021/texmf-dist/tex/latex/listings/listings.sty (c:/texlive/2021/texmf-dist/tex/latex/graphics/keyval.sty
Package: keyval 2014/10/28 v1.15 key=value parser (DPC)
\KV@toks@=\toks22
)
\lst@mode=\count267
\lst@gtempboxa=\box49
\lst@token=\toks23
\lst@length=\count268
\lst@currlwidth=\dimen149
\lst@column=\count269
\lst@pos=\count270
\lst@lostspace=\dimen150
\lst@width=\dimen151
\lst@newlines=\count271
\lst@lineno=\count272
\lst@maxwidth=\dimen152
 (c:/texlive/2021/texmf-dist/tex/latex/listings/lstmisc.sty
File: lstmisc.sty 2020/03/24 1.8d (Carsten Heinz)
\c@lstnumber=\count273
\lst@skipnumbers=\count274
\lst@framebox=\box50
) (c:/texlive/2021/texmf-dist/tex/latex/listings/listings.cfg
File: listings.cfg 2020/03/24 1.8d listings configuration
))
Package: listings 2020/03/24 1.8d (Carsten Heinz)
 (c:/texlive/2021/texmf-dist/tex/latex/l3backend/l3backend-pdftex.def
File: l3backend-pdftex.def 2021-05-07 L3 backend support: PDF output (pdfTeX)
\l__color_backend_stack_int=\count275
\l__pdf_internal_box=\box51
) (./main.aux)
\openout1 = `main.aux'.

LaTeX Font Info:    Checking defaults for OML/cmm/m/it on input line 26.
LaTeX Font Info:    ... okay on input line 26.
LaTeX Font Info:    Checking defaults for OMS/cmsy/m/n on input line 26.
LaTeX Font Info:    ... okay on input line 26.
LaTeX Font Info:    Checking defaults for OT1/cmr/m/n on input line 26.
LaTeX Font Info:    ... okay on input line 26.
LaTeX Font Info:    Checking defaults for T1/cmr/m/n on input line 26.
LaTeX Font Info:    ... okay on input line 26.
LaTeX Font Info:    Checking defaults for TS1/cmr/m/n on input line 26.
LaTeX Font Info:    ... okay on input line 26.
LaTeX Font Info:    Checking defaults for OMX/cmex/m/n on input line 26.
LaTeX Font Info:    ... okay on input line 26.
LaTeX Font Info:    Checking defaults for U/cmr/m/n on input line 26.
LaTeX Font Info:    ... okay on input line 26.
LaTeX Font Info:    Checking defaults for T2A/cmr/m/n on input line 26.
LaTeX Font Info:    ... okay on input line 26.
LaTeX Info: Redefining \th on input line 26.
\c@lstlisting=\count276
<<ot1.cmap>><<oml.cmap>><<oms.cmap>><<omx.cmap>>
LaTeX Font Info:    Trying to load font information for U+msa on input line 28.
 (c:/texlive/2021/texmf-dist/tex/latex/amsfonts/umsa.fd
File: umsa.fd 2013/01/14 v3.01 AMS symbols A
)
LaTeX Font Info:    Trying to load font information for U+msb on input line 28.
 (c:/texlive/2021/texmf-dist/tex/latex/amsfonts/umsb.fd
File: umsb.fd 2013/01/14 v3.01 AMS symbols B
) (./main.toc
Overfull \hbox (42.22346pt too wide) in paragraph at lines 13--13
 [] []\T2A/cmr/bx/n/12 Метрики качества классификации, тематическое моделирование []  
 []

[1

{c:/texlive/2021/texmf-var/fonts/map/pdftex/updmap/pdftex.map}] [2] [3])
\tf@toc=\write3
\openout3 = `main.toc'.


Underfull \hbox (badness 10000) in paragraph at lines 52--54

 []


Underfull \hbox (badness 10000) in paragraph at lines 55--57

 []


Underfull \hbox (badness 10000) in paragraph at lines 60--62

 []


Overfull \hbox (6.79573pt too wide) in paragraph at lines 63--64
[]\T2A/cmr/m/n/12 w является линейной комбинацией строк $\OT1/cmr/m/n/12 ^^H \OMS/cmsy/m/n/12 !$ \T2A/cmr/m/n/12 Решение можно искать
 []


Underfull \hbox (badness 10000) in paragraph at lines 65--67

 []


Overfull \hbox (4.61974pt too wide) in paragraph at lines 68--70
[]$\OT1/cmr/m/n/12 ^^H^^H[]$ \T2A/cmr/m/n/12 - матрица Грама (попарных скалярных произведений объектов) 
 []


Underfull \hbox (badness 10000) in paragraph at lines 68--70

 []

[4]
Overfull \hbox (10.06381pt too wide) in paragraph at lines 89--90
[]\T2A/cmr/m/n/12 Используем метод, который использует скалярные произведения
 []


Overfull \hbox (13.15106pt too wide) in paragraph at lines 104--105
[]\T2A/cmr/m/it/12 На практике теорема Мерсера слишком сложна для применения 
 []

[5]
Overfull \hbox (20.94157pt too wide) in paragraph at lines 149--150
[]\T2A/cmr/m/n/12 Конечномерное спрямляющее пространство, но можно сделать
 []


Overfull \hbox (34.11292pt too wide) in paragraph at lines 154--155
[]\T2A/cmr/m/n/12 Позволяет перевести в бесконечномерное спрямляющее пространство 
 []


Overfull \hbox (28.69437pt too wide) in paragraph at lines 163--164
[]$\OML/cmm/m/it/12 exp [] \OT1/cmr/m/n/12 = \OML/cmm/m/it/12 exp [] \OT1/cmr/m/n/12 = \OML/cmm/m/it/12 exp [] \OT1/cmr/m/n/12 =
 []

[6]
Overfull \hbox (26.2827pt too wide) in paragraph at lines 174--175
\T2A/cmr/m/n/12 ЛНЗ $\OMS/cmsy/m/n/12 !$ \T2A/cmr/m/n/12 бесконечное количество ЛНЗ векторов $\OMS/cmsy/m/n/12 !$ \T2A/cmr/m/n/12 бесконечномерное
 []


Overfull \hbox (49.23114pt too wide) detected at line 183
\OML/cmm/m/it/12 L\OT1/cmr/m/n/12 (\OML/cmm/m/it/12 w; b; ^^X; ^^U; ^^V\OT1/cmr/m/n/12 ) = []\OMS/cmsy/m/n/12 jj\OML/cmm/m/it/12 w\OMS/cmsy/m/n/12 jj[] \OT1/cmr/m/n/12 + \OML/cmm/m/it/12 C [] ^^X[] \OMS/cmsy/m/n/12 ^^@ [] \OML/cmm/m/it/12 ^^U[]\OT1/cmr/m/n/12 (\OML/cmm/m/it/12 y[]\OT1/cmr/m/n/12 (\OML/cmm/m/it/12 < w; x[] > \OT1/cmr/m/n/12 +\OML/cmm/m/it/12 b\OT1/cmr/m/n/12 ) \OMS/cmsy/m/n/12 ^^@ \OT1/cmr/m/n/12 1 + \OML/cmm/m/it/12 ^^X[]\OT1/cmr/m/n/12 ) \OMS/cmsy/m/n/12 ^^@ [] \OML/cmm/m/it/12 ^^V[]^^X[]
 []


Overfull \hbox (50.32292pt too wide) detected at line 193
\OML/cmm/m/it/12 ^^U[]\OT1/cmr/m/n/12 (\OML/cmm/m/it/12 y[]\OT1/cmr/m/n/12 (\OML/cmm/m/it/12 < w; x[] > \OT1/cmr/m/n/12 +\OML/cmm/m/it/12 b\OT1/cmr/m/n/12 ) \OMS/cmsy/m/n/12 ^^@ \OT1/cmr/m/n/12 1 + \OML/cmm/m/it/12 ^^X[]\OT1/cmr/m/n/12 ) = 0 \OMS/cmsy/m/n/12 ! \OML/cmm/m/it/12 ^^U[] \OT1/cmr/m/n/12 = 0[](\OML/cmm/m/it/12 y[]\OT1/cmr/m/n/12 (\OML/cmm/m/it/12 < w; x[] > \OT1/cmr/m/n/12 +\OML/cmm/m/it/12 b\OT1/cmr/m/n/12 ) \OMS/cmsy/m/n/12 ^^@ \OT1/cmr/m/n/12 1 + \OML/cmm/m/it/12 ^^X[]\OT1/cmr/m/n/12 ) = 0
 []

[7]
Overfull \hbox (1.59557pt too wide) in paragraph at lines 202--205
\T2A/cmr/m/n/12 стороны от разделяющей гиперплоскости и на достаточном
 []


Overfull \hbox (22.29146pt too wide) in paragraph at lines 205--207
\T2A/cmr/m/n/12 прямо на границе. Дает вклад в $\OML/cmm/m/it/12 w$\T2A/cmr/m/n/12 . $\OML/cmm/m/it/12 x[]$ \T2A/cmr/m/n/12 - \T2A/cmr/bx/n/12 опорный граничный. 
 []


Overfull \hbox (1.45784pt too wide) in paragraph at lines 210--211
[]\T2A/cmr/m/n/12 Подставляем $\OML/cmm/m/it/12 w \OT1/cmr/m/n/12 = [][] \OML/cmm/m/it/12 ^^Uy[]x[]$ \T2A/cmr/m/n/12 в лагранжиан, учтем ограничения
 []


Overfull \hbox (13.23326pt too wide) in paragraph at lines 220--222
[]\T2A/cmr/m/n/12 Задача зависит от объектов только через скалярное произведение
 []

[8]
Overfull \hbox (102.16621pt too wide) detected at line 262
\OML/cmm/m/it/12 K\OT1/cmr/m/n/12 (\OML/cmm/m/it/12 x \OMS/cmsy/m/n/12 ^^@ \OML/cmm/m/it/12 z\OT1/cmr/m/n/12 ) = [][] \OML/cmm/m/it/12 p\OT1/cmr/m/n/12 (\OML/cmm/m/it/12 w\OT1/cmr/m/n/12 )\OML/cmm/m/it/12 e[]dw [] [][] p\OT1/cmr/m/n/12 (\OML/cmm/m/it/12 w\OT1/cmr/m/n/12 )\OML/cmm/m/it/12 cos\OT1/cmr/m/n/12 (\OML/cmm/m/it/12 w[]\OT1/cmr/m/n/12 (\OML/cmm/m/it/12 x \OMS/cmsy/m/n/12 ^^@ \OML/cmm/m/it/12 z\OT1/cmr/m/n/12 )) + \OML/cmm/m/it/12 i [][] p\OT1/cmr/m/n/12 (\OML/cmm/m/it/12 w\OT1/cmr/m/n/12 )\OML/cmm/m/it/12 cos\OT1/cmr/m/n/12 (\OML/cmm/m/it/12 w[]\OT1/cmr/m/n/12 (\OML/cmm/m/it/12 x \OMS/cmsy/m/n/12 ^^@ \OML/cmm/m/it/12 z\OT1/cmr/m/n/12 ))
 []


Overfull \hbox (29.99702pt too wide) detected at line 265
[] [] \OMS/cmsy/m/n/12 ! \OML/cmm/m/it/12 K\OT1/cmr/m/n/12 (\OML/cmm/m/it/12 x \OMS/cmsy/m/n/12 ^^@ \OML/cmm/m/it/12 z\OT1/cmr/m/n/12 ) = [][] \OML/cmm/m/it/12 p\OT1/cmr/m/n/12 (\OML/cmm/m/it/12 w\OT1/cmr/m/n/12 )\OML/cmm/m/it/12 cos\OT1/cmr/m/n/12 (\OML/cmm/m/it/12 w[]\OT1/cmr/m/n/12 (\OML/cmm/m/it/12 x \OMS/cmsy/m/n/12 ^^@ \OML/cmm/m/it/12 z\OT1/cmr/m/n/12 ))\OML/cmm/m/it/12 dw
 []

[9]
Overfull \hbox (9.39832pt too wide) in paragraph at lines 318--319
[]\T2A/cmr/m/n/12 Логарифм многооптимальная функция - просто оптимизировать ее сложно 
 []

[10] [11]
Overfull \hbox (25.39867pt too wide) in paragraph at lines 409--411
[]\T2A/cmr/m/n/12 Все предельные точки последовательности $\OT1/cmr/m/n/12 ^^B$ \T2A/cmr/m/n/12 являются станционарными
 []


Overfull \hbox (30.99841pt too wide) in paragraph at lines 411--413
[]$\OML/cmm/m/it/12 logP\OT1/cmr/m/n/12 (\OML/cmm/m/it/12 X \OMS/cmsy/m/n/12 j \OT1/cmr/m/n/12 ^^B)$ \T2A/cmr/m/n/12 монотонно сходится к $\OML/cmm/m/it/12 logP\OT1/cmr/m/n/12 (\OML/cmm/m/it/12 X \OMS/cmsy/m/n/12 j \OT1/cmr/m/n/12 ^^B[])$ \T2A/cmr/m/n/12 - одной из станционарных
 []

[12]
Overfull \hbox (19.01823pt too wide) in paragraph at lines 425--427
[]\T2A/cmr/m/n/12 Минимизировать KL-дивергенцию между эмпирическим и параметрическим
 []


Overfull \hbox (12.7602pt too wide) in paragraph at lines 439--441
\T2A/cmr/m/n/12 В обучении есть только один класс - неаномальный, надо научится отделять
 []


Overfull \hbox (31.04013pt too wide) in paragraph at lines 450--453
[]\T2A/cmr/m/n/12 Выбираем объекты $\OML/cmm/m/it/12 X[]$ \T2A/cmr/m/n/12 из минорного класса, выбираем случаный
 []


Overfull \hbox (1.82043pt too wide) in paragraph at lines 463--465
[]\T2A/cmr/m/n/12 Бенчмарк: Классификация X на нормальные и аномальные, стандартные
 []

[13] [14] [15]
Overfull \hbox (2.62894pt too wide) in paragraph at lines 590--592
[]\T2A/cmr/m/n/12 Отделить как можно больше объектов от 0. За это отвечает
 []


Overfull \hbox (5.56358pt too wide) in paragraph at lines 594--596
[]\T2A/cmr/m/n/12 Гиперплоскость как можно дальше от нуля. За это отвечает
 []


Overfull \hbox (17.96472pt too wide) in paragraph at lines 618--620
[]\T2A/cmr/m/n/12 Строим жадное дерево со случайными предикатами по случайным
 []

[16]
Overfull \hbox (9.3155pt too wide) in paragraph at lines 657--659
[]\T2A/cmr/m/n/12 Берем индикатор попадания в листья и строим линейную модель 
 []

[17]
Overfull \hbox (25.85205pt too wide) in paragraph at lines 736--737
[][][][][][][][][][][][][][][][][] 
 []

[18] [19] [20] [21]
Overfull \hbox (62.12181pt too wide) in paragraph at lines 895--898
[]\T2A/cmr/m/n/12 Характеристическое уравнение выражаем в виде характеристического
 []

[22]
Overfull \hbox (10.64183pt too wide) in paragraph at lines 960--962
[]\T2A/cmr/m/n/12 Можно упорядочить объекты так, чтобы L был блочно-диагональным 
 []


Overfull \hbox (37.47203pt too wide) in paragraph at lines 971--973
[]\T2A/cmr/m/n/12 Спектр блочно-диагональной матрицы = объединение спектров отдельных
 []


Overfull \hbox (24.48668pt too wide) in paragraph at lines 990--993
[]\T2A/cmr/m/n/12 Находим m (гиперпараметр) нормированных собственных векторов
 []


Overfull \hbox (50.53127pt too wide) in paragraph at lines 1009--1009
[]\T2A/cmr/bx/n/17.28 Метрики качества классификации, тематическое
 []

[23]
Overfull \hbox (42.7106pt too wide) in paragraph at lines 1052--1054
[]\T2A/cmr/m/n/12 Значение метрики качества должно уменьшаться при объединении
 []


Overfull \hbox (34.87918pt too wide) in paragraph at lines 1057--1059
[]\T2A/cmr/m/n/12 Значение метрики качества должно уменьшаться при разделении
 []


Overfull \hbox (5.34822pt too wide) in paragraph at lines 1062--1065
[]\T2A/cmr/m/n/12 Значение метрики качества должно быть выше у той версии
 []


Overfull \hbox (1.04088pt too wide) in paragraph at lines 1062--1065
\T2A/cmr/m/n/12 обоим кластерам элемент в шумный кластер, по сравнению
 []


Overfull \hbox (4.46716pt too wide) in paragraph at lines 1062--1065
\T2A/cmr/m/n/12 с версией, которая помещает этот элемент в чистый кластер 
 []

[24]
Overfull \hbox (13.34271pt too wide) in paragraph at lines 1068--1070
\T2A/cmr/m/n/12 небольших кластеров должно обходиться дороже небольшого
 []

[25] [26] [27]
Overfull \hbox (57.8747pt too wide) detected at line 1265
[][] \OT1/cmr/m/n/12 + \OML/cmm/m/it/12 C[] [] []\OT1/cmr/m/n/12 (0\OML/cmm/m/it/12 ; \OT1/cmr/m/n/12 1 \OMS/cmsy/m/n/12 ^^@ \OML/cmm/m/it/12 y[] < w; x[] >\OT1/cmr/m/n/12 ) + \OML/cmm/m/it/12 C[] [] []\OT1/cmr/m/n/12 (0\OML/cmm/m/it/12 ; \OT1/cmr/m/n/12 1\OMS/cmsy/m/n/12 ^^@ j\OML/cmm/m/it/12 < w; x[] >\OMS/cmsy/m/n/12 j\OT1/cmr/m/n/12 ) \OMS/cmsy/m/n/12 ! []
 []

[28]
Overfull \hbox (7.61655pt too wide) in paragraph at lines 1267--1269
[]\T2A/cmr/m/n/12 Может подобрать гиперплоскость, которая просто лежит далеко
 []


Overfull \hbox (1.64919pt too wide) in paragraph at lines 1278--1280
[]\T2A/cmr/m/n/12 Очень сложная задача с точки зрения оптимизации- максимум,
 []

[29] [30] [31]
Overfull \hbox (14.21008pt too wide) in paragraph at lines 1490--1492
[]\T2A/cmr/m/n/12 Если между точками угла маленький - вероятность их рассечения
 []

[32]
Overfull \hbox (29.65402pt too wide) in paragraph at lines 1515--1517
[]\T2A/cmr/m/n/12 При большом расстоянии все равно есть вероятность совпадения
 []


Overfull \hbox (23.38884pt too wide) in paragraph at lines 1517--1519
[]\T2A/cmr/m/n/12 Хотим форму сигмоиды, а не линейно убывающую вероятность
 []


Overfull \hbox (3.58968pt too wide) in paragraph at lines 1550--1554
\T2A/cmr/m/n/12 для нового объекта u с вероятностью $\OT1/cmr/m/n/12 1 \OMS/cmsy/m/n/12 ^^@ \OML/cmm/m/it/12 ^^O$\T2A/cmr/m/n/12 , алгоритм возвращает
 []


Overfull \hbox (0.20403pt too wide) in paragraph at lines 1550--1554
\T2A/cmr/m/n/12 объект выборки $\OML/cmm/m/it/12 z \OMS/cmsy/m/n/12 2 \OML/cmm/m/it/12 X \OT1/cmr/m/n/12 : \OML/cmm/m/it/12 ^^Z\OT1/cmr/m/n/12 (\OML/cmm/m/it/12 u; z\OT1/cmr/m/n/12 ) \OMS/cmsy/m/n/12 ^^T \OML/cmm/m/it/12 C^^Z\OT1/cmr/m/n/12 (\OML/cmm/m/it/12 u; x[]\OT1/cmr/m/n/12 )$\T2A/cmr/m/n/12 , где $\OML/cmm/m/it/12 x[]$ \T2A/cmr/m/n/12 - ближайший
 []


Overfull \hbox (8.50172pt too wide) in paragraph at lines 1563--1566
[]\T2A/cmr/m/n/12 Small world graph - если сгенерировать случайный граф - среднее
 []

[33]
Overfull \hbox (18.40045pt too wide) in paragraph at lines 1596--1598
[]\T2A/cmr/m/n/12 Свойство малого мира достигается за счет связующих цепочек
 []


Overfull \hbox (10.61848pt too wide) in paragraph at lines 1604--1606
[]\T2A/cmr/m/n/12 Начинаем с самого верхнего уровня графа: находим ближайшего
 []

[34]
Overfull \hbox (11.62627pt too wide) in paragraph at lines 1648--1650
[]\T2A/cmr/m/n/12 Работает, когда таргет является разметкой релевантности документов
 []

[35]
Overfull \hbox (16.49207pt too wide) in paragraph at lines 1732--1734
[]\T2A/cmr/m/n/12 Косинусное расстояние между эмбеддингами документа и запроса 
 []

[36] [37]
Overfull \hbox (23.01833pt too wide) in paragraph at lines 1825--1827
[]\T2A/cmr/m/n/12 Максимальную вероятность имеет перестановка с отсортированной
 []


Overfull \hbox (5.10016pt too wide) in paragraph at lines 1841--1843
[]\T2A/cmr/m/n/12 Вероятность, что j документ попадет на первое место в перестановке: 
 []

[38]
Overfull \hbox (6.53961pt too wide) in paragraph at lines 1888--1891
[]\T2A/cmr/m/n/12 Просто используем эвристики - находим похожих пользователей
 []


Overfull \hbox (36.00407pt too wide) in paragraph at lines 1917--1919
[]\T2A/cmr/m/n/12 Если матрица R известна, то это задача низкорангового приближения
 []


Overfull \hbox (11.91968pt too wide) in paragraph at lines 1920--1922
[]\T2A/cmr/m/n/12 PureSVD: Заполняем все пропуски нулями и применяем обычный
 []

[39]
Overfull \hbox (12.94695pt too wide) in paragraph at lines 1939--1941
[]\T2A/cmr/m/n/12 Когда приходит u решаем задачу линейной регрессии, обучая
 []


Overfull \hbox (1.92189pt too wide) in paragraph at lines 1954--1955
[]\T2A/cmr/m/n/12 Задача невыпуклая - можно попасть в локальный минимум 
 []

[40]
Overfull \hbox (25.23366pt too wide) in paragraph at lines 2003--2010
[]$\OML/cmm/m/it/12 n \OMS/cmsy/m/n/12 ^^B \OML/cmm/m/it/12 m$\T2A/cmr/m/n/12 -матрица $\OT1/cmr/m/n/12 ^^F[]$ \T2A/cmr/m/n/12 диагональная, $\OT1/cmr/m/n/12 ^^F[] = \OML/cmm/m/it/12 diag\OT1/cmr/m/n/12 ([]\OML/cmm/m/it/12 ; [] ; []\OT1/cmr/m/n/12 )$\T2A/cmr/m/n/12 ,
 []

[41] [42]
Overfull \hbox (0.2686pt too wide) in paragraph at lines 2126--2127
[]\T2A/cmr/m/n/12 Автоматическая оптимизация гиперпараметров / подбор ансамблей 
 []


Overfull \hbox (12.53775pt too wide) in paragraph at lines 2127--2129
[]\T2A/cmr/m/n/12 Автоматическая генерация признаков, аугментаций, отбор признаков,
 []


Overfull \hbox (18.31361pt too wide) in paragraph at lines 2133--2136
[]\T2A/cmr/m/n/12 Автоматическое определение домена, объединение табличек без знания
 []


Overfull \hbox (17.22156pt too wide) in paragraph at lines 2147--2149
[]\T2A/cmr/m/n/12 Бывают проприетарные и открытые Au-toML, так же есть исследовательские
 []

[43]
Overfull \hbox (36.23383pt too wide) in paragraph at lines 2194--2195
[]\T2A/cmr/m/n/12 Модели на каждой итерации байесовского оптимизатора сохраняются 
 []


Overfull \hbox (16.81845pt too wide) in paragraph at lines 2195--2197
[]\T2A/cmr/m/n/12 Для каждого датасета нашли оптимальный пайплайн и построили
 []


Overfull \hbox (33.62756pt too wide) in paragraph at lines 2195--2197
\T2A/cmr/m/n/12 метамодель - использование 25 оптимальных кандидатов и постройка
 []


Overfull \hbox (17.24265pt too wide) in paragraph at lines 2205--2206
[]\T2A/cmr/m/n/12 Признаки основаны на качестве модели, а не статистиках датасета 
 []

[44] [45]
Overfull \hbox (11.03882pt too wide) in paragraph at lines 2259--2260
[]\T2A/cmr/m/n/12 Верхним слоем подгоняем выход из этих двух эмбеддингов к рейтингу 
 []


Overfull \hbox (24.90701pt too wide) in paragraph at lines 2278--2279
[]\T2A/cmr/m/n/12 Гарантировать новому айтему некоторое количество рандомных показов 
 []

[46]
Overfull \hbox (7.5186pt too wide) in paragraph at lines 2303--2304
[]\T2A/cmr/m/n/12 По пользовательским сигналам отбирать сомнительный контент 
 []


Overfull \hbox (30.44531pt too wide) in paragraph at lines 2312--2312
[]\T2A/cmr/bx/n/17.28 Нейросетевые методы для табличных данных 
 []


Overfull \hbox (19.19449pt too wide) in paragraph at lines 2325--2327
[]\T2A/cmr/m/n/12 Моделирует зависимости ответов от небольших комбинаций признаков.
 []

[47]
Overfull \hbox (4.36436pt too wide) in paragraph at lines 2397--2399
[]$[]\OT1/cmr/m/n/12 (\OML/cmm/m/it/12 x\OT1/cmr/m/n/12 ) = [][] [] [][] \OML/cmm/m/it/12 C[]\OT1/cmr/m/n/12 (\OML/cmm/m/it/12 p[]\OT1/cmr/m/n/12 (\OML/cmm/m/it/12 x\OT1/cmr/m/n/12 ))[](1 \OMS/cmsy/m/n/12 ^^@ \OML/cmm/m/it/12 p[]\OT1/cmr/m/n/12 (\OML/cmm/m/it/12 x\OT1/cmr/m/n/12 ))[] \OMS/cmsy/m/n/12 ^^B \OT1/cmr/m/n/12 (\OML/cmm/m/it/12 p[]\OT1/cmr/m/n/12 (\OML/cmm/m/it/12 x\OT1/cmr/m/n/12 ))[](1 \OMS/cmsy/m/n/12 ^^@ \OML/cmm/m/it/12 p[]\OT1/cmr/m/n/12 (\OML/cmm/m/it/12 x\OT1/cmr/m/n/12 ))[]$ 
 []

[48] [49]
Overfull \hbox (84.28342pt too wide) detected at line 2495
\OML/cmm/m/it/12 g\OT1/cmr/m/n/12 (\OML/cmm/m/it/12 ^^U[]; ^^W[]\OT1/cmr/m/n/12 ) = [](\OML/cmm/m/it/12 f[]\OT1/cmr/m/n/12 (\OML/cmm/m/it/12 x\OT1/cmr/m/n/12 ) + [] \OML/cmm/m/it/12 ^^U[]f[]\OT1/cmr/m/n/12 (\OML/cmm/m/it/12 x\OT1/cmr/m/n/12 ) + [] \OML/cmm/m/it/12 ^^W[]h[]\OT1/cmr/m/n/12 (\OML/cmm/m/it/12 x\OT1/cmr/m/n/12 )) \OMS/cmsy/m/n/12 ^^T \OML/cmm/m/it/12 f[]\OT1/cmr/m/n/12 (\OML/cmm/m/it/12 x[]\OT1/cmr/m/n/12 ) + [] \OML/cmm/m/it/12 ^^U[]f[]\OT1/cmr/m/n/12 (\OML/cmm/m/it/12 x[]\OT1/cmr/m/n/12 ) + [] \OML/cmm/m/it/12 ^^W[]h[]\OT1/cmr/m/n/12 (\OML/cmm/m/it/12 x[]\OT1/cmr/m/n/12 ) \OMS/cmsy/m/n/12 ^^T \OML/cmm/m/it/12 f[]\OT1/cmr/m/n/12 (\OML/cmm/m/it/12 x[]\OT1/cmr/m/n/12 )
 []


Overfull \hbox (10.60197pt too wide) in paragraph at lines 2500--2502
[]\T2A/cmr/m/n/12 Если решить безусловную задачу при подставлении $\OML/cmm/m/it/12 ^^U[]; ^^W[]$\T2A/cmr/m/n/12 , то получим
 []

[50] [51] [52] [53]
Underfull \hbox (badness 10000) in paragraph at lines 2680--2682

 []


Underfull \hbox (badness 10000) in paragraph at lines 2698--2701

 []

[54]
Overfull \hbox (14.12779pt too wide) in paragraph at lines 2710--2712
[]\T2A/cmr/m/n/12 Если параметры распределены нормально - Нормальный дискриминантный
 []

[55]
Overfull \hbox (4.26755pt too wide) in paragraph at lines 2765--2767
[]$\OML/cmm/m/it/12 u[]; [] ; u[]$ \T2A/cmr/m/n/12 - собственные векторы, соотв. минимальным собственным
 []


Overfull \hbox (3.7779pt too wide) in paragraph at lines 2776--2778
[]\T2A/cmr/m/n/12 В t-SNE ошибка может быть неограничено большой $\OMS/cmsy/m/n/12 !$ \T2A/cmr/m/n/12 зашумленные
 []


Overfull \hbox (24.33197pt too wide) detected at line 2842
[]
 []

[56] [57]
Overfull \hbox (8.64636pt too wide) in paragraph at lines 2896--2898
[]\T2A/cmr/m/n/12 По векторным описаниям строим псевдоразметку с помощью KMeans 
 []


Overfull \hbox (11.03676pt too wide) in paragraph at lines 2909--2911
[]\T2A/cmr/m/n/12 Наличие пустых кластеров - берем случайный центр другого кластера
 []

[58] [59] [60] [61] [62] [63] [64]
Overfull \hbox (41.06352pt too wide) in paragraph at lines 3266--3270
[]\T2A/cmr/m/n/12 Оптимальный, но долгий подход - расчет всех вероятностей $\OML/cmm/m/it/12 p\OT1/cmr/m/n/12 (\OML/cmm/m/it/12 y[]; y[]; [] ; y[] \OMS/cmsy/m/n/12 j
 []


Overfull \hbox (18.25963pt too wide) in paragraph at lines 3266--3270
\OML/cmm/m/it/12 x\OT1/cmr/m/n/12 )$ \T2A/cmr/m/n/12 с последующим применением $[]$ к совместному распределению.
 []


Overfull \hbox (21.97032pt too wide) in paragraph at lines 3270--3272
[]\T2A/cmr/m/n/12 Beam Search - ищем наиболее вероятный путь с помощью использования
 []


Overfull \hbox (27.18224pt too wide) in paragraph at lines 3285--3288
[]\T2A/cmr/m/n/12 Для каждого подмножества меток решается отдельная задача многоклассовой
 []


Overfull \hbox (11.45816pt too wide) in paragraph at lines 3285--3288
\T2A/cmr/m/n/12 классификации, отбор меток производится голосованием классификатором 
 []


Overfull \hbox (51.21826pt too wide) in paragraph at lines 3294--3294
[]\T2A/cmr/bx/n/14.4 Отображение в пространство более низкой размерности 
 []

[65]
Overfull \hbox (32.83636pt too wide) in paragraph at lines 3315--3318
[]\T2A/cmr/m/n/12 Решающие деревья - модифицировать, чтобы критерий информативности
 []


Overfull \hbox (3.04631pt too wide) in paragraph at lines 3315--3318
\T2A/cmr/m/n/12 соответствовал multi-label задаче и в листьях делалось предсказание
 []


Overfull \hbox (11.07059pt too wide) in paragraph at lines 3340--3344
[]\T2A/cmr/m/n/12 Для некоторого набора объектов $\OMS/cmsy/m/n/12 f\OML/cmm/m/it/12 x[]\OMS/cmsy/m/n/12 g[]$\T2A/cmr/m/n/12 , обучающая выборка представлена
 []


Overfull \hbox (10.19418pt too wide) in paragraph at lines 3340--3344
\T2A/cmr/m/n/12 случайным подмножеством случайных соотношений $\OMS/cmsy/m/n/12 f\OML/cmm/m/it/12 x[] > x[]\OMS/cmsy/m/n/12 g[]$\T2A/cmr/m/n/12 . Может
 []

[66]
Overfull \hbox (25.2313pt too wide) in paragraph at lines 3370--3371
[]\T2A/cmr/m/n/12 Не может строить прогнозы для игроков которые раньше не встречались 
 []


Overfull \hbox (28.26318pt too wide) in paragraph at lines 3384--3386
[]\T2A/cmr/m/n/12 Функцию матча можно задать произвольным образом, но должны выполнятся
 []

[67]
Overfull \hbox (10.64525pt too wide) in paragraph at lines 3397--3399
[]\T2A/cmr/m/n/12 Дает оценки на исход матча между игроками, которые не встречались
 []

[68]
Overfull \hbox (57.04651pt too wide) in paragraph at lines 3445--3447
[]\T2A/cmr/m/n/12 Поэлементное домножение векторов представлений на векторы представлений
 []

[69]
Overfull \hbox (11.71933pt too wide) in paragraph at lines 3488--3492
\T2A/cmr/m/n/12 u-ом месте стоит 1, а остальные координаты заполнены нулями, аналогично
 []


Overfull \hbox (45.03883pt too wide) in paragraph at lines 3514--3519
\T2A/cmr/m/n/12 пользователь-товар для которых известны оценки $\OML/cmm/m/it/12 r[]$ \T2A/cmr/m/n/12 степени заинтересованности
 []


Overfull \hbox (8.26042pt too wide) in paragraph at lines 3520--3522
[]\T2A/cmr/m/n/12 Факторизационные машины учитывают взаимодействия признаков вплоть
 []

[70]
Overfull \hbox (0.35963pt too wide) in paragraph at lines 3575--3577
[]\T2A/cmr/m/n/12 Данная модель совпадает с моделью в подходе, использующем матричное
 []


Overfull \hbox (32.56631pt too wide) in paragraph at lines 3580--3585
[]\T2A/cmr/m/n/12 Допустим появилась информация о товарах - помимо множества пользователей
 []


Overfull \hbox (3.84235pt too wide) in paragraph at lines 3580--3585
\T2A/cmr/m/n/12 U и множества товаров I теперь имеется множество тэгов T. Естественный
 []

[71]
Overfull \hbox (74.08618pt too wide) detected at line 3590
\OML/cmm/m/it/12 a\OT1/cmr/m/n/12 (\OML/cmm/m/it/12 x\OT1/cmr/m/n/12 ) = \OML/cmm/m/it/12 w[] \OT1/cmr/m/n/12 + \OML/cmm/m/it/12 w[] \OT1/cmr/m/n/12 + \OML/cmm/m/it/12 w[] \OT1/cmr/m/n/12 + \OML/cmm/m/it/12 w[]\OT1/cmr/m/n/12 + \OML/cmm/m/it/12 < v[]; v[] > \OT1/cmr/m/n/12 + \OML/cmm/m/it/12 < v[]; v[] > \OT1/cmr/m/n/12 + \OML/cmm/m/it/12 < v[]; v[] >
 []


Overfull \hbox (22.53342pt too wide) in paragraph at lines 3608--3608
[]\T2A/cmr/bx/n/14.4 Интерпретация основанная на особенностях модели 
 []


Overfull \hbox (40.7283pt too wide) in paragraph at lines 3635--3640
\T2A/cmr/m/n/12 интерпретируемое описание - результатом работы метода является объясняющая
 []


Overfull \hbox (14.55824pt too wide) in paragraph at lines 3635--3640
\T2A/cmr/m/n/12 модель a(x), строящая предсказания для интерпретируемых представлений. 
 []


Overfull \hbox (40.5617pt too wide) in paragraph at lines 3641--3643
[]\T2A/cmr/m/n/12 В качестве интерпретируемых представлений обычно рассматривают достаточно
 []

[72]
Overfull \hbox (0.38028pt too wide) in paragraph at lines 3656--3661
[]\T2A/cmr/m/n/12 Переходим от представления $\OML/cmm/m/it/12 x[]$ \T2A/cmr/m/n/12 нового объекта к признаковому описанию
 []


Overfull \hbox (32.83144pt too wide) in paragraph at lines 3656--3661
\T2A/cmr/m/n/12 образом, мы создали искусственную выборку в окрестности интерпретируемого
 []

[73]
Overfull \hbox (51.00484pt too wide) detected at line 3721
\OML/cmm/m/it/12 l[]\OT1/cmr/m/n/12 (\OML/cmm/m/it/12 x[]; x\OT1/cmr/m/n/12 ) = [] \OMS/cmsy/m/n/12 j[]\OT1/cmr/m/n/12 = \OMS/cmsy/m/n/12 r[]\OML/cmm/m/it/12 L\OT1/cmr/m/n/12 (\OML/cmm/m/it/12 x; []\OT1/cmr/m/n/12 )[][] \OMS/cmsy/m/n/12 j[]\OT1/cmr/m/n/12 = \OMS/cmsy/m/n/12 ^^@r[]\OML/cmm/m/it/12 L\OT1/cmr/m/n/12 (\OML/cmm/m/it/12 x; []\OT1/cmr/m/n/12 )[]\OML/cmm/m/it/12 H[]\OT1/cmr/m/n/12 1\OMS/cmsy/m/n/12 r[]\OML/cmm/m/it/12 L\OT1/cmr/m/n/12 (\OML/cmm/m/it/12 x; []\OT1/cmr/m/n/12 )
 []


Overfull \hbox (5.4896pt too wide) in paragraph at lines 3730--3731
[]\T2A/cmr/m/n/12 Детектировать несовпадение доменов между обучающим и тестовым
 []


Overfull \hbox (18.8002pt too wide) in paragraph at lines 3736--3738
\T2A/cmr/m/n/12 Состязательными объектами называются объекты, предсказание на которых
 []

[74]
Overfull \hbox (4.83691pt too wide) in paragraph at lines 3762--3763
[]\T2A/cmr/m/n/12 Изменяем объект в сторону градиента функции потерь для истинной
 []

[75] (./main.aux) ) 
Here is how much of TeX's memory you used:
 5151 strings out of 478846
 65038 string characters out of 5859785
 394076 words of memory out of 5000000
 22648 multiletter control sequences out of 15000+600000
 429482 words of font info for 95 fonts, out of 8000000 for 9000
 1141 hyphenation exceptions out of 8191
 69i,18n,76p,361b,971s stack positions out of 5000i,500n,10000p,200000b,80000s
{c:/texlive/2021/texmf-dist/fonts/enc/dvips/cm-super/cm-super-t2a.enc}{c:/texlive/2021/texmf-dist/fonts/enc/dvips/cm-super/cm-super-ts1.enc}<c:/texlive/2021/texmf-dist/fonts/type1/public/amsfonts/cm/cmex10.pfb><c:/texlive/2021/texmf-dist/fonts/type1/public/amsfonts/cmextra/cmex7.pfb><c:/texlive/2021/texmf-dist/fonts/type1/public/amsfonts/cmextra/cmex8.pfb><c:/texlive/2021/texmf-dist/fonts/type1/public/amsfonts/cm/cmmi10.pfb><c:/texlive/2021/texmf-dist/fonts/type1/public/amsfonts/cm/cmmi12.pfb><c:/texlive/2021/texmf-dist/fonts/type1/public/amsfonts/cm/cmmi6.pfb><c:/texlive/2021/texmf-dist/fonts/type1/public/amsfonts/cm/cmmi7.pfb><c:/texlive/2021/texmf-dist/fonts/type1/public/amsfonts/cm/cmmi8.pfb><c:/texlive/2021/texmf-dist/fonts/type1/public/amsfonts/cm/cmr10.pfb><c:/texlive/2021/texmf-dist/fonts/type1/public/amsfonts/cm/cmr12.pfb><c:/texlive/2021/texmf-dist/fonts/type1/public/amsfonts/cm/cmr6.pfb><c:/texlive/2021/texmf-dist/fonts/type1/public/amsfonts/cm/cmr7.pfb><c:/texlive/2021/texmf-dist/fonts/type1/public/amsfonts/cm/cmr8.pfb><c:/texlive/2021/texmf-dist/fonts/type1/public/amsfonts/cm/cmsy10.pfb><c:/texlive/2021/texmf-dist/fonts/type1/public/amsfonts/cm/cmsy6.pfb><c:/texlive/2021/texmf-dist/fonts/type1/public/amsfonts/cm/cmsy7.pfb><c:/texlive/2021/texmf-dist/fonts/type1/public/amsfonts/cm/cmsy8.pfb><c:/texlive/2021/texmf-dist/fonts/type1/public/amsfonts/symbols/msbm10.pfb><c:/texlive/2021/texmf-dist/fonts/type1/public/cm-super/sfbx1200.pfb><c:/texlive/2021/texmf-dist/fonts/type1/public/cm-super/sfbx1440.pfb><c:/texlive/2021/texmf-dist/fonts/type1/public/cm-super/sfbx1728.pfb><c:/texlive/2021/texmf-dist/fonts/type1/public/cm-super/sfbx2488.pfb><c:/texlive/2021/texmf-dist/fonts/type1/public/cm-super/sfrm0600.pfb><c:/texlive/2021/texmf-dist/fonts/type1/public/cm-super/sfrm0700.pfb><c:/texlive/2021/texmf-dist/fonts/type1/public/cm-super/sfrm0800.pfb><c:/texlive/2021/texmf-dist/fonts/type1/public/cm-super/sfrm1200.pfb><c:/texlive/2021/texmf-dist/fonts/type1/public/cm-super/sfrm1440.pfb><c:/texlive/2021/texmf-dist/fonts/type1/public/cm-super/sfrm2074.pfb><c:/texlive/2021/texmf-dist/fonts/type1/public/cm-super/sfti1200.pfb>
Output written on main.pdf (75 pages, 586425 bytes).
PDF statistics:
 373 PDF objects out of 1000 (max. 8388607)
 259 compressed objects within 3 object streams
 0 named destinations out of 1000 (max. 500000)
 21 words of extra memory for PDF output out of 10000 (max. 10000000)

